0 info it worked if it ends with ok
1 verbose cli [ '/home/ubuntu/.nvm/versions/node/v6.11.2/bin/node',
1 verbose cli   '/home/ubuntu/.nvm/versions/node/v6.11.2/bin/npm',
1 verbose cli   'run',
1 verbose cli   'deploy' ]
2 info using npm@3.10.10
3 info using node@v6.11.2
4 verbose run-script [ 'predeploy', 'deploy', 'postdeploy' ]
5 info lifecycle react-boilerplate@2.5.6~predeploy: react-boilerplate@2.5.6
6 verbose lifecycle react-boilerplate@2.5.6~predeploy: unsafe-perm in lifecycle true
7 verbose lifecycle react-boilerplate@2.5.6~predeploy: PATH: /home/ubuntu/.nvm/versions/node/v6.11.2/lib/node_modules/npm/bin/node-gyp-bin:/home/ubuntu/workspace/kanban-app/node_modules/.bin:/home/ubuntu/.nvm/versions/node/v6.11.2/bin:/usr/local/rvm/gems/ruby-2.4.0/bin:/usr/local/rvm/gems/ruby-2.4.0@global/bin:/usr/local/rvm/rubies/ruby-2.4.0/bin:/mnt/shared/bin:/home/ubuntu/workspace/node_modules/.bin:/home/ubuntu/bin:/usr/local/sbin:/usr/local/bin:/usr/sbin:/usr/bin:/sbin:/bin:/mnt/shared/sbin:/opt/gitl:/opt/go/bin:/mnt/shared/c9/app.nw/bin:/usr/local/rvm/bin
8 verbose lifecycle react-boilerplate@2.5.6~predeploy: CWD: /home/ubuntu/workspace/kanban-app
9 silly lifecycle react-boilerplate@2.5.6~predeploy: Args: [ '-c', 'npm run build' ]
10 silly lifecycle react-boilerplate@2.5.6~predeploy: Returned: code: 0  signal: null
11 info lifecycle react-boilerplate@2.5.6~deploy: react-boilerplate@2.5.6
12 verbose lifecycle react-boilerplate@2.5.6~deploy: unsafe-perm in lifecycle true
13 verbose lifecycle react-boilerplate@2.5.6~deploy: PATH: /home/ubuntu/.nvm/versions/node/v6.11.2/lib/node_modules/npm/bin/node-gyp-bin:/home/ubuntu/workspace/kanban-app/node_modules/.bin:/home/ubuntu/.nvm/versions/node/v6.11.2/bin:/usr/local/rvm/gems/ruby-2.4.0/bin:/usr/local/rvm/gems/ruby-2.4.0@global/bin:/usr/local/rvm/rubies/ruby-2.4.0/bin:/mnt/shared/bin:/home/ubuntu/workspace/node_modules/.bin:/home/ubuntu/bin:/usr/local/sbin:/usr/local/bin:/usr/sbin:/usr/bin:/sbin:/bin:/mnt/shared/sbin:/opt/gitl:/opt/go/bin:/mnt/shared/c9/app.nw/bin:/usr/local/rvm/bin
14 verbose lifecycle react-boilerplate@2.5.6~deploy: CWD: /home/ubuntu/workspace/kanban-app
15 silly lifecycle react-boilerplate@2.5.6~deploy: Args: [ '-c', 'gh-pages -d build' ]
16 silly lifecycle react-boilerplate@2.5.6~deploy: Returned: code: 1  signal: null
17 info lifecycle react-boilerplate@2.5.6~deploy: Failed to exec deploy script
18 verbose stack Error: react-boilerplate@2.5.6 deploy: `gh-pages -d build`
18 verbose stack Exit status 1
18 verbose stack     at EventEmitter.<anonymous> (/home/ubuntu/.nvm/versions/node/v6.11.2/lib/node_modules/npm/lib/utils/lifecycle.js:255:16)
18 verbose stack     at emitTwo (events.js:106:13)
18 verbose stack     at EventEmitter.emit (events.js:191:7)
18 verbose stack     at ChildProcess.<anonymous> (/home/ubuntu/.nvm/versions/node/v6.11.2/lib/node_modules/npm/lib/utils/spawn.js:40:14)
18 verbose stack     at emitTwo (events.js:106:13)
18 verbose stack     at ChildProcess.emit (events.js:191:7)
18 verbose stack     at maybeClose (internal/child_process.js:891:16)
18 verbose stack     at Process.ChildProcess._handle.onexit (internal/child_process.js:226:5)
19 verbose pkgid react-boilerplate@2.5.6
20 verbose cwd /home/ubuntu/workspace/kanban-app
21 error Linux 4.9.17-c9
22 error argv "/home/ubuntu/.nvm/versions/node/v6.11.2/bin/node" "/home/ubuntu/.nvm/versions/node/v6.11.2/bin/npm" "run" "deploy"
23 error node v6.11.2
24 error npm  v3.10.10
25 error code ELIFECYCLE
26 error react-boilerplate@2.5.6 deploy: `gh-pages -d build`
26 error Exit status 1
27 error Failed at the react-boilerplate@2.5.6 deploy script 'gh-pages -d build'.
27 error Make sure you have the latest version of node.js and npm installed.
27 error If you do, this is most likely a problem with the react-boilerplate package,
27 error not with npm itself.
27 error Tell the author that this fails on your system:
27 error     gh-pages -d build
27 error You can get information on how to open an issue for this project with:
27 error     npm bugs react-boilerplate
27 error Or if that isn't available, you can get their info via:
27 error     npm owner ls react-boilerplate
27 error There is likely additional logging output above.
28 verbose exit [ 1, true ]
